<?xml version="1.0" encoding="UTF-8"?>
<!-- Generated by org.testng.reporters.JUnitXMLReporter -->
<testsuite ignored="0" hostname="DESKTOP-PN8BVIB" failures="0" tests="6" name="Test" time="0.093" errors="0" timestamp="2022-01-15T16:17:36 IST">
  <testcase classname="rahulshettyacademy.SeleniumTest" name="loginSelenium" time="0.013"/>
  <testcase classname="rahulshettyacademy.SeleniumTest" name="logoutSelenium" time="0.001"/>
  <testcase classname="rahulshettyacademy.RESTAPITest" name="loginRESTAPI" time="0.003"/>
  <testcase classname="rahulshettyacademy.RESTAPITest" name="logoutRESTAPI" time="0.002"/>
  <testcase classname="rahulshettyacademy.AppiumTest" name="loginAppium" time="0.002"/>
  <testcase classname="rahulshettyacademy.AppiumTest" name="logoutAppium" time="0.002"/>
</testsuite> <!-- Test -->
