<?xml version="1.0" encoding="UTF-8"?>
<!-- Generated by org.testng.reporters.JUnitXMLReporter -->
<testsuite hostname="DESKTOP-PN8BVIB" ignored="0" name="Command line test" tests="6" failures="0" timestamp="2022-08-22T00:31:56 IST" time="0.132" errors="0">
  <testcase name="loginAppium" time="0.014" classname="rahulshettyacademy.AppiumTest"/>
  <testcase name="logoutAppium" time="0.002" classname="rahulshettyacademy.AppiumTest"/>
  <testcase name="loginRESTAPI" time="0.0" classname="rahulshettyacademy.RESTAPITest"/>
  <testcase name="logoutRESTAPI" time="0.0" classname="rahulshettyacademy.RESTAPITest"/>
  <testcase name="loginSelenium" time="0.001" classname="rahulshettyacademy.SeleniumTest"/>
  <testcase name="logoutSelenium" time="0.001" classname="rahulshettyacademy.SeleniumTest"/>
</testsuite> <!-- Command line test -->
