<?xml version="1.0" encoding="UTF-8"?>
<!-- Generated by org.testng.reporters.JUnitXMLReporter -->
<testsuite hostname="DESKTOP-PN8BVIB" ignored="0" name="Test" tests="4" failures="0" timestamp="2022-08-22T00:47:06 IST" time="0.114" errors="0">
  <testcase name="loginSelenium" time="0.011" classname="rahulshettyacademy.SeleniumTest"/>
  <testcase name="logoutSelenium" time="0.001" classname="rahulshettyacademy.SeleniumTest"/>
  <testcase name="loginRESTAPI" time="0.0" classname="rahulshettyacademy.RESTAPITest"/>
  <testcase name="logoutRESTAPI" time="0.0" classname="rahulshettyacademy.RESTAPITest"/>
</testsuite> <!-- Test -->
