<?xml version="1.0" encoding="UTF-8"?>
<testng-results skipped="0" failed="0" ignored="0" total="4" passed="4">
  <reporter-output>
  </reporter-output>
  <suite name="Suite" duration-ms="114" started-at="2022-08-22T00:47:06 IST" finished-at="2022-08-22T00:47:06 IST">
    <groups>
    </groups>
    <test name="Test" duration-ms="114" started-at="2022-08-22T00:47:06 IST" finished-at="2022-08-22T00:47:06 IST">
      <class name="rahulshettyacademy.RESTAPITest">
        <test-method status="PASS" signature="loginRESTAPI()[pri:0, instance:rahulshettyacademy.RESTAPITest@e874448]" name="loginRESTAPI" duration-ms="0" started-at="2022-08-22T00:47:06 IST" finished-at="2022-08-22T00:47:06 IST">
          <reporter-output>
          </reporter-output>
        </test-method> <!-- loginRESTAPI -->
        <test-method status="PASS" signature="logoutRESTAPI()[pri:0, instance:rahulshettyacademy.RESTAPITest@e874448]" name="logoutRESTAPI" duration-ms="0" started-at="2022-08-22T00:47:06 IST" finished-at="2022-08-22T00:47:06 IST">
          <reporter-output>
          </reporter-output>
        </test-method> <!-- logoutRESTAPI -->
      </class> <!-- rahulshettyacademy.RESTAPITest -->
      <class name="rahulshettyacademy.SeleniumTest">
        <test-method status="PASS" signature="loginSelenium()[pri:0, instance:rahulshettyacademy.SeleniumTest@587d1d39]" name="loginSelenium" duration-ms="11" started-at="2022-08-22T00:47:06 IST" finished-at="2022-08-22T00:47:06 IST">
          <reporter-output>
          </reporter-output>
        </test-method> <!-- loginSelenium -->
        <test-method status="PASS" signature="logoutSelenium()[pri:0, instance:rahulshettyacademy.SeleniumTest@587d1d39]" name="logoutSelenium" duration-ms="1" started-at="2022-08-22T00:47:06 IST" finished-at="2022-08-22T00:47:06 IST">
          <reporter-output>
          </reporter-output>
        </test-method> <!-- logoutSelenium -->
      </class> <!-- rahulshettyacademy.SeleniumTest -->
    </test> <!-- Test -->
  </suite> <!-- Suite -->
</testng-results>
